app/build/intermediates/manifest_merge_blame_file/debug/manifest-merger-blame-debug-report.txt
1<?xml version="1.0" encoding="utf-8"?>
2<manifest xmlns:android="http://schemas.android.com/apk/res/android"
3    package="com.lifeline"
4    android:versionCode="1"
5    android:versionName="1.0" >
6
7    <uses-sdk
8        android:minSdkVersion="23"
8-->src\main\AndroidManifest.xml
9        android:targetSdkVersion="32" />
9-->src\main\AndroidManifest.xml
10
11    <!-- Normal Permissions -->
12    <uses-permission android:name="android.permission.ACCESS_COARSE_LOCATION" />
12-->src\main\AndroidManifest.xml:6:5-81
12-->src\main\AndroidManifest.xml:6:22-78
13    <uses-permission android:name="android.permission.INTERNET" />
13-->src\main\AndroidManifest.xml:7:5-67
13-->src\main\AndroidManifest.xml:7:22-64
14
15    <!-- Runtime Permissions -->
16    <uses-permission android:name="android.permission.READ_PHONE_STATE" />
16-->src\main\AndroidManifest.xml:10:5-75
16-->src\main\AndroidManifest.xml:10:22-72
17    <uses-permission android:name="android.permission.ACCESS_COARSE_LOCATION" />
17-->src\main\AndroidManifest.xml:6:5-81
17-->src\main\AndroidManifest.xml:6:22-78
18    <uses-permission android:name="android.permission.ACCESS_FINE_LOCATION" />
18-->src\main\AndroidManifest.xml:12:5-79
18-->src\main\AndroidManifest.xml:12:22-76
19    <uses-permission android:name="android.permission.SEND_SMS" />
19-->src\main\AndroidManifest.xml:13:5-67
19-->src\main\AndroidManifest.xml:13:22-64
20
21    <application
21-->src\main\AndroidManifest.xml:15:5-95:19
22        android:allowBackup="true"
22-->src\main\AndroidManifest.xml:16:9-35
23        android:appComponentFactory="androidx.core.app.CoreComponentFactory"
23-->[androidx.core:core:1.3.0] AndroidManifest.xml:24:18-86
24        android:debuggable="true"
25        android:extractNativeLibs="false"
26        android:icon="@drawable/alarm"
26-->src\main\AndroidManifest.xml:17:9-39
27        android:label="@string/app_name"
27-->src\main\AndroidManifest.xml:18:9-41
28        android:supportsRtl="true"
28-->src\main\AndroidManifest.xml:19:9-35
29        android:testOnly="true"
30        android:theme="@style/CustomActionBarTheme" >
30-->src\main\AndroidManifest.xml:20:9-52
31        <activity android:name="com.lifeline.MainActivity" />
31-->src\main\AndroidManifest.xml:21:9-50
31-->src\main\AndroidManifest.xml:21:19-47
32        <activity
32-->src\main\AndroidManifest.xml:22:9-29:20
33            android:name="com.lifeline.LoginScreenActivity"
33-->src\main\AndroidManifest.xml:22:19-54
34            android:exported="true" >
34-->src\main\AndroidManifest.xml:23:13-36
35            <intent-filter>
35-->src\main\AndroidManifest.xml:24:13-28:29
36                <action android:name="android.intent.action.MAIN" />
36-->src\main\AndroidManifest.xml:25:17-69
36-->src\main\AndroidManifest.xml:25:25-66
37
38                <category android:name="android.intent.category.LAUNCHER" />
38-->src\main\AndroidManifest.xml:27:17-77
38-->src\main\AndroidManifest.xml:27:27-74
39            </intent-filter>
40        </activity>
41        <activity android:name="com.lifeline.DashboardActivity" />
41-->src\main\AndroidManifest.xml:30:9-55
41-->src\main\AndroidManifest.xml:30:19-52
42        <activity android:name="com.lifeline.PersonalInfoActivity" />
42-->src\main\AndroidManifest.xml:31:9-58
42-->src\main\AndroidManifest.xml:31:19-55
43        <activity android:name="com.lifeline.SignUpActivity" />
43-->src\main\AndroidManifest.xml:32:9-52
43-->src\main\AndroidManifest.xml:32:19-49
44        <activity
44-->src\main\AndroidManifest.xml:33:9-42:20
45            android:name="com.lifeline.MyEmerContActivity"
45-->src\main\AndroidManifest.xml:34:13-47
46            android:exported="true"
46-->src\main\AndroidManifest.xml:36:13-36
47            android:label="@string/app_name" >
47-->src\main\AndroidManifest.xml:35:13-45
48            <intent-filter>
48-->src\main\AndroidManifest.xml:37:13-41:29
49                <action android:name="android.intent.action.emergency_act" />
49-->src\main\AndroidManifest.xml:38:17-78
49-->src\main\AndroidManifest.xml:38:25-75
50
51                <category android:name="android.intent.category.ALTERNATIVE" />
51-->src\main\AndroidManifest.xml:40:17-80
51-->src\main\AndroidManifest.xml:40:27-77
52            </intent-filter>
53        </activity>
54        <activity
54-->src\main\AndroidManifest.xml:43:9-52:20
55            android:name="com.lifeline.Add_EmergencyActivity"
55-->src\main\AndroidManifest.xml:44:13-50
56            android:exported="true"
56-->src\main\AndroidManifest.xml:46:13-36
57            android:label=" add contact" >
57-->src\main\AndroidManifest.xml:45:13-41
58            <intent-filter>
58-->src\main\AndroidManifest.xml:47:13-51:29
59                <action android:name="android.intent.action.addemergency_activity" />
59-->src\main\AndroidManifest.xml:48:17-86
59-->src\main\AndroidManifest.xml:48:25-83
60
61                <category android:name="android.intent.category.ALTERNATIVE" />
61-->src\main\AndroidManifest.xml:40:17-80
61-->src\main\AndroidManifest.xml:40:27-77
62            </intent-filter>
63        </activity>
64        <activity
64-->src\main\AndroidManifest.xml:53:9-62:20
65            android:name="com.lifeline.Edit_ContactActivity"
65-->src\main\AndroidManifest.xml:54:13-49
66            android:exported="true"
66-->src\main\AndroidManifest.xml:56:13-36
67            android:label=" Edit contact" >
67-->src\main\AndroidManifest.xml:55:13-42
68            <intent-filter>
68-->src\main\AndroidManifest.xml:57:13-61:29
69                <action android:name="android.intent.action.editcontact_activity" />
69-->src\main\AndroidManifest.xml:58:17-85
69-->src\main\AndroidManifest.xml:58:25-82
70
71                <category android:name="android.intent.category.ALTERNATIVE" />
71-->src\main\AndroidManifest.xml:40:17-80
71-->src\main\AndroidManifest.xml:40:27-77
72            </intent-filter>
73        </activity>
74        <activity
74-->src\main\AndroidManifest.xml:63:9-72:20
75            android:name="com.lifeline.TrackingActivity"
75-->src\main\AndroidManifest.xml:64:13-45
76            android:exported="true"
76-->src\main\AndroidManifest.xml:66:13-36
77            android:label=" Tracking" >
77-->src\main\AndroidManifest.xml:65:13-38
78            <intent-filter>
78-->src\main\AndroidManifest.xml:67:13-71:29
79                <action android:name="android.intent.action.tracking_activity" />
79-->src\main\AndroidManifest.xml:68:17-82
79-->src\main\AndroidManifest.xml:68:25-79
80
81                <category android:name="android.intent.category.ALTERNATIVE" />
81-->src\main\AndroidManifest.xml:40:17-80
81-->src\main\AndroidManifest.xml:40:27-77
82            </intent-filter>
83        </activity>
84        <activity
84-->src\main\AndroidManifest.xml:73:9-81:20
85            android:name="com.lifeline.MyAccount"
85-->src\main\AndroidManifest.xml:73:19-44
86            android:exported="true"
86-->src\main\AndroidManifest.xml:75:13-36
87            android:label=" my account" >
87-->src\main\AndroidManifest.xml:74:13-40
88            <intent-filter>
88-->src\main\AndroidManifest.xml:76:13-80:29
89                <action android:name="android.intent.action.my_account" />
89-->src\main\AndroidManifest.xml:77:13-71
89-->src\main\AndroidManifest.xml:77:21-68
90
91                <category android:name="android.intent.category.ALTERNATIVE" />
91-->src\main\AndroidManifest.xml:40:17-80
91-->src\main\AndroidManifest.xml:40:27-77
92            </intent-filter>
93        </activity>
94        <activity
94-->src\main\AndroidManifest.xml:82:9-90:20
95            android:name="com.lifeline.SendSMSActivity"
95-->src\main\AndroidManifest.xml:82:19-50
96            android:exported="true"
96-->src\main\AndroidManifest.xml:84:13-36
97            android:label=" send sms" >
97-->src\main\AndroidManifest.xml:83:13-38
98            <intent-filter>
98-->src\main\AndroidManifest.xml:85:9-89:21
99                <action android:name="android.intent.category.send_sms" />
99-->src\main\AndroidManifest.xml:86:13-71
99-->src\main\AndroidManifest.xml:86:21-68
100
101                <category android:name="android.intent.category.ALTERNATIVE" />
101-->src\main\AndroidManifest.xml:40:17-80
101-->src\main\AndroidManifest.xml:40:27-77
102            </intent-filter>
103        </activity>
104
105        <service
105-->src\main\AndroidManifest.xml:92:9-94:40
106            android:name="com.lifeline.SensorService"
106-->src\main\AndroidManifest.xml:93:13-42
107            android:exported="false" />
107-->src\main\AndroidManifest.xml:94:13-37
108
109        <activity
109-->[com.google.android.gms:play-services-base:9.6.1] AndroidManifest.xml:19:9-172
110            android:name="com.google.android.gms.common.api.GoogleApiActivity"
110-->[com.google.android.gms:play-services-base:9.6.1] AndroidManifest.xml:19:19-85
111            android:exported="false"
111-->[com.google.android.gms:play-services-base:9.6.1] AndroidManifest.xml:19:146-170
112            android:theme="@android:style/Theme.Translucent.NoTitleBar" />
112-->[com.google.android.gms:play-services-base:9.6.1] AndroidManifest.xml:19:86-145
113
114        <provider
114-->[com.google.firebase:firebase-common:9.6.1] AndroidManifest.xml:6:9-175
115            android:name="com.google.firebase.provider.FirebaseInitProvider"
115-->[com.google.firebase:firebase-common:9.6.1] AndroidManifest.xml:6:79-124
116            android:authorities="com.lifeline.firebaseinitprovider"
116-->[com.google.firebase:firebase-common:9.6.1] AndroidManifest.xml:6:19-78
117            android:exported="false"
117-->[com.google.firebase:firebase-common:9.6.1] AndroidManifest.xml:6:125-149
118            android:initOrder="100" />
118-->[com.google.firebase:firebase-common:9.6.1] AndroidManifest.xml:6:150-173
119
120        <meta-data
120-->[com.google.android.gms:play-services-basement:9.6.1] AndroidManifest.xml:20:9-121
121            android:name="com.google.android.gms.version"
121-->[com.google.android.gms:play-services-basement:9.6.1] AndroidManifest.xml:20:20-65
122            android:value="@integer/google_play_services_version" />
122-->[com.google.android.gms:play-services-basement:9.6.1] AndroidManifest.xml:20:66-119
123    </application>
124
125</manifest>